2025-12-03 10:58:15 - currency_file - INFO - Calling get_currencies_file_log(['USD', 'EUR', 'GBP'])
2025-12-03 10:58:15 - currency_file - INFO - get_currencies_file_log returned {'USD': 77.4631, 'EUR': 89.8514, 'GBP': 102.6541}
2025-12-03 11:14:08 - currency_file - INFO - Calling get_currencies_file_log(['USD', 'EUR', 'GBP', 'DFG'])
2025-12-03 11:14:08 - currency_file - ERROR - get_currencies_file_log raised KeyError: "Валюта 'DFG' отсутствует в данных ЦБ"
2025-12-03 11:16:41 - currency_file - INFO - Calling get_currencies_file_log(['USD', 'EUR', 'GBP', 'DFG'])
2025-12-03 11:16:41 - currency_file - ERROR - get_currencies_file_log raised KeyError: "Валюта 'DFG' отсутствует в данных ЦБ"
2025-12-03 11:26:12 - currency_file - INFO - Calling get_currencies_file_log(['USD', 'EUR', 'GBP', 'DFG'])
2025-12-03 11:26:12 - currency_file - ERROR - get_currencies_file_log raised KeyError: "Валюта 'DFG' отсутствует в данных ЦБ"
2025-12-03 11:44:06 - currency_file - INFO - Calling get_currencies_file_log(['USD', 'EUR', 'GBP', 'DFG'])
2025-12-03 11:44:07 - currency_file - ERROR - get_currencies_file_log raised KeyError: "Валюта 'DFG' отсутствует в данных ЦБ"
2025-12-03 11:46:28 - currency_file - INFO - Calling get_currencies_file_log(['USD', 'EUR', 'GBP', 'DFG'])
2025-12-03 11:46:28 - currency_file - ERROR - get_currencies_file_log raised KeyError: "Валюта 'DFG' отсутствует в данных ЦБ"
2025-12-03 11:49:21 - currency_file - INFO - Calling get_currencies_file_log(['USD', 'EUR', 'GBP', 'DFG'])
2025-12-03 11:49:21 - currency_file - ERROR - get_currencies_file_log raised KeyError: "Валюта 'DFG' отсутствует в данных ЦБ"
2025-12-03 11:51:33 - currency_file - INFO - Calling get_currencies_file_log(['USD', 'EUR', 'GBP', 'DFG'])
2025-12-03 11:51:34 - currency_file - ERROR - get_currencies_file_log raised KeyError: "Валюта 'DFG' отсутствует в данных ЦБ"
2025-12-03 11:52:45 - currency_file - INFO - Calling get_currencies_file_log(['USD', 'EUR', 'GBP', 'DFG'])
2025-12-03 11:52:45 - currency_file - ERROR - get_currencies_file_log raised KeyError: "Валюта 'DFG' отсутствует в данных ЦБ"
2025-12-03 11:53:10 - currency_file - INFO - Calling get_currencies_file_log(['USD', 'EUR', 'GBP', 'DFG'])
2025-12-03 11:53:11 - currency_file - ERROR - get_currencies_file_log raised KeyError: "Валюта 'DFG' отсутствует в данных ЦБ"
2025-12-03 11:53:27 - currency_file - INFO - Calling get_currencies_file_log(['USD', 'EUR', 'GBP', 'DFG'])
2025-12-03 11:53:27 - currency_file - ERROR - get_currencies_file_log raised KeyError: "Валюта 'DFG' отсутствует в данных ЦБ"
2025-12-03 11:55:07 - currency_file - INFO - Calling get_currencies_file_log(['USD', 'EUR', 'GBP', 'DFG'])
2025-12-03 11:55:08 - currency_file - ERROR - get_currencies_file_log raised KeyError: "Валюта 'DFG' отсутствует в данных ЦБ"
2025-12-03 11:57:02 - currency_file - INFO - Calling get_currencies_file_log(['USD', 'EUR', 'GBP', 'DFG'])
2025-12-03 11:57:02 - currency_file - ERROR - get_currencies_file_log raised KeyError: "Валюта 'DFG' отсутствует в данных ЦБ"
2025-12-03 12:00:13 - currency_file - INFO - Calling get_currencies_file_log(['USD', 'EUR', 'GBP', 'DFG'])
2025-12-03 12:00:13 - currency_file - ERROR - get_currencies_file_log raised KeyError: "Валюта 'DFG' отсутствует в данных ЦБ"
2025-12-03 12:00:40 - currency_file - INFO - Calling get_currencies_file_log(['USD', 'EUR', 'GBP', 'DFG'])
2025-12-03 12:00:41 - currency_file - ERROR - get_currencies_file_log raised KeyError: "Валюта 'DFG' отсутствует в данных ЦБ"
2025-12-03 12:01:12 - currency_file - INFO - Calling get_currencies_file_log(['USD', 'EUR', 'GBP', 'DFG'])
2025-12-03 12:01:12 - currency_file - ERROR - get_currencies_file_log raised KeyError: "Валюта 'DFG' отсутствует в данных ЦБ"
2025-12-03 12:02:11 - currency_file - INFO - Calling get_currencies_file_log(['USD', 'EUR', 'GBP', 'DFG'])
2025-12-03 12:02:11 - currency_file - ERROR - get_currencies_file_log raised KeyError: "Валюта 'DFG' отсутствует в данных ЦБ"
2025-12-03 12:14:53 - currency_file - INFO - Calling get_currencies_file_log(['USD', 'EUR', 'GBP', 'DFG'])
2025-12-03 12:14:53 - currency_file - ERROR - get_currencies_file_log raised TypeError: 'module' object is not callable. Did you mean: 'get_currencies.get_currencies(...)'?
2025-12-03 12:15:18 - currency_file - INFO - Calling get_currencies_file_log(['USD', 'EUR', 'GBP', 'DFG'])
2025-12-03 12:15:19 - currency_file - ERROR - get_currencies_file_log raised KeyError: "Валюта 'DFG' отсутствует в данных ЦБ"
2025-12-03 12:18:05 - currency_file - INFO - Calling get_currencies_file_log(['USD', 'EUR', 'GBP', 'DFG'])
2025-12-03 12:21:23 - currency_file - INFO - Calling get_currencies_file_log(['USD', 'EUR', 'GBP', 'DFG'])
2025-12-03 12:24:52 - currency_file - INFO - Calling get_currencies_file_log(['USD', 'EUR', 'GBP', 'DFG'])
2025-12-03 12:24:52 - currency_file - ERROR - get_currencies_file_log raised KeyError: "Валюта 'DFG' отсутствует в данных ЦБ"
2025-12-03 12:27:14 - currency_file - INFO - Calling get_currencies_file_log(['USD', 'EUR', 'GBP', 'DFG'])
2025-12-03 12:27:14 - currency_file - ERROR - get_currencies_file_log raised KeyError: "Валюта 'DFG' отсутствует в данных ЦБ"
2025-12-03 12:36:06 - currency_file - INFO - Calling get_currencies_file_log(['USD', 'EUR', 'GBP', 'DFG'])
2025-12-03 12:36:06 - currency_file - ERROR - get_currencies_file_log raised KeyError: "Валюта 'DFG' отсутствует в данных ЦБ"
2025-12-03 12:36:28 - currency_file - INFO - Calling solve_quadratic_log(1, 2, 1)
2025-12-03 12:36:28 - currency_file - INFO - solve_quadratic_log returned [-1.0, -1.0]
2025-12-03 12:36:28 - currency_file - INFO - Calling get_currencies_file_log(['USD', 'EUR', 'GBP', 'DFG'])
2025-12-03 12:36:28 - currency_file - ERROR - get_currencies_file_log raised KeyError: "Валюта 'DFG' отсутствует в данных ЦБ"
2025-12-03 12:36:57 - currency_file - INFO - Calling solve_quadratic_log(1, 2, 1)
2025-12-03 12:36:57 - currency_file - INFO - solve_quadratic_log returned [-1.0, -1.0]
2025-12-03 12:36:57 - currency_file - INFO - Calling get_currencies_file_log(['USD', 'EUR', 'GBP', 'DFG'])
2025-12-03 12:36:57 - currency_file - ERROR - get_currencies_file_log raised KeyError: "Валюта 'DFG' отсутствует в данных ЦБ"
2025-12-03 12:41:28 - currency_file - INFO - Calling solve_quadratic_log(1, 2, 1)
2025-12-03 12:41:28 - currency_file - INFO - solve_quadratic_log returned [-1.0, -1.0]
2025-12-03 12:41:28 - currency_file - INFO - Calling get_currencies_file_log(['USD', 'EUR', 'GBP', 'DFG'])
2025-12-03 12:41:28 - currency_file - ERROR - get_currencies_file_log raised KeyError: "Валюта 'DFG' отсутствует в данных ЦБ"
2025-12-03 12:43:32 - currency_file - INFO - Calling solve_quadratic_log(1, 2, 1)
2025-12-03 12:43:32 - currency_file - INFO - solve_quadratic_log returned [-1.0, -1.0]
2025-12-03 12:43:32 - currency_file - INFO - Calling get_currencies_file_log(['USD', 'EUR', 'GBP', 'DFG'])
2025-12-03 12:43:32 - currency_file - ERROR - get_currencies_file_log raised KeyError: 'DFG'
2025-12-03 12:45:04 - currency_file - INFO - Calling solve_quadratic_log(1, 2, 1)
2025-12-03 12:45:04 - currency_file - INFO - solve_quadratic_log returned [-1.0, -1.0]
2025-12-03 12:45:04 - currency_file - INFO - Calling get_currencies_file_log(['USD', 'EUR', 'GBP', 'DFG'])
2025-12-03 12:45:04 - currency_file - ERROR - get_currencies_file_log raised TypeError: exceptions must derive from BaseException
2025-12-03 12:45:47 - currency_file - INFO - Calling solve_quadratic_log(1, 2, 1)
2025-12-03 12:45:47 - currency_file - INFO - solve_quadratic_log returned [-1.0, -1.0]
2025-12-03 12:45:47 - currency_file - INFO - Calling get_currencies_file_log(['USD', 'EUR', 'GBP', 'DFG'])
2025-12-03 12:45:47 - currency_file - ERROR - get_currencies_file_log raised TypeError: exceptions must derive from BaseException
2025-12-03 12:46:32 - currency_file - INFO - Calling solve_quadratic_log(1, 2, 1)
2025-12-03 12:46:32 - currency_file - INFO - solve_quadratic_log returned [-1.0, -1.0]
2025-12-03 12:46:32 - currency_file - INFO - Calling get_currencies_file_log(['USD', 'EUR', 'GBP', 'DFG'])
2025-12-03 12:46:32 - currency_file - ERROR - get_currencies_file_log raised KeyError: "Валюта 'DFG' отсутствует в данных ЦБ"
2025-12-03 12:51:34 - currency_file - INFO - Calling solve_quadratic_log('p', 2, 1)
2025-12-03 12:51:34 - currency_file - ERROR - solve_quadratic_log raised TypeError: Коэффициент 'a' должен быть числом
2025-12-03 12:59:41 - currency_file - INFO - Calling solve_quadratic_log('p', 2, 1)
2025-12-03 12:59:41 - currency_file - ERROR - solve_quadratic_log raised TypeError: Коэффициент 'a' должен быть числом
2025-12-03 13:00:21 - currency_file - INFO - Calling solve_quadratic_log('p', 2, 1)
2025-12-03 13:00:21 - currency_file - ERROR - solve_quadratic_log raised TypeError: Коэффициент 'a' должен быть числом
2025-12-03 13:00:33 - currency_file - INFO - Calling solve_quadratic_log(0, 0, 1)
2025-12-03 13:00:33 - currency_file - CRITICAL - solve_quadratic_log raised ValueError: Оба коэффициента a и b равны нулю - уравнение вырождено
2025-12-03 13:02:52 - currency_file - INFO - Calling solve_quadratic_log(0, 0, 1)
2025-12-03 13:02:52 - currency_file - CRITICAL - solve_quadratic_log raised ValueError: Оба коэффициента a и b равны нулю - уравнение вырождено
2025-12-03 13:03:07 - currency_file - INFO - Calling get_currencies_file_log(['USD', 'EUR', 'GBP', 'DFG'])
2025-12-03 13:03:08 - currency_file - ERROR - get_currencies_file_log raised KeyError: "Валюта 'DFG' отсутствует в данных ЦБ"
